<?xml version="1.0" encoding="UTF-8"?>
<!-- Generated by org.testng.reporters.JUnitXMLReporter -->
<testsuite ignored="0" hostname="LAPTOP-G21ALLI8" failures="0" tests="6" name="Command line test" time="1.722" errors="0" timestamp="2023-04-24T18:30:06 WAT">
  <testcase classname="Login.SigninTest" name="@BeforeTest start" time="1.52">
    <failure type="org.openqa.selenium.SessionNotCreatedException" message="Could not start a new session. Response code 500. Message: session not created: This version of ChromeDriver only supports Chrome version 104
Current browser version is 112.0.5615.138 with binary path C:\Program Files\Google\Chrome\Application\chrome.exe
Build info: version: &amp;apos;4.3.0&amp;apos;, revision: &amp;apos;a4995e2c09*&amp;apos;
System info: host: &amp;apos;LAPTOP-G21ALLI8&amp;apos;, ip: &amp;apos;172.20.10.8&amp;apos;, os.name: &amp;apos;Windows 11&amp;apos;, os.arch: &amp;apos;amd64&amp;apos;, os.version: &amp;apos;10.0&amp;apos;, java.version: &amp;apos;18.0.2&amp;apos;
Driver info: org.openqa.selenium.chrome.ChromeDriver
Command: [null, newSession {capabilities=[Capabilities {browserName: chrome, goog:chromeOptions: {args: [], extensions: []}}], desiredCapabilities=Capabilities {browserName: chrome, goog:chromeOptions: {args: [], extensions: []}}}]">
      <![CDATA[org.openqa.selenium.SessionNotCreatedException: Could not start a new session. Response code 500. Message: session not created: This version of ChromeDriver only supports Chrome version 104
Current browser version is 112.0.5615.138 with binary path C:\Program Files\Google\Chrome\Application\chrome.exe
Build info: version: '4.3.0', revision: 'a4995e2c09*'
System info: host: 'LAPTOP-G21ALLI8', ip: '172.20.10.8', os.name: 'Windows 11', os.arch: 'amd64', os.version: '10.0', java.version: '18.0.2'
Driver info: org.openqa.selenium.chrome.ChromeDriver
Command: [null, newSession {capabilities=[Capabilities {browserName: chrome, goog:chromeOptions: {args: [], extensions: []}}], desiredCapabilities=Capabilities {browserName: chrome, goog:chromeOptions: {args: [], extensions: []}}}]
at org.openqa.selenium.remote.ProtocolHandshake.createSession(ProtocolHandshake.java:144)
at org.openqa.selenium.remote.ProtocolHandshake.createSession(ProtocolHandshake.java:102)
at org.openqa.selenium.remote.ProtocolHandshake.createSession(ProtocolHandshake.java:67)
at org.openqa.selenium.remote.HttpCommandExecutor.execute(HttpCommandExecutor.java:156)
at org.openqa.selenium.remote.service.DriverCommandExecutor.invokeExecute(DriverCommandExecutor.java:167)
at org.openqa.selenium.remote.service.DriverCommandExecutor.execute(DriverCommandExecutor.java:142)
at org.openqa.selenium.remote.RemoteWebDriver.execute(RemoteWebDriver.java:569)
at org.openqa.selenium.remote.RemoteWebDriver.startSession(RemoteWebDriver.java:264)
at org.openqa.selenium.remote.RemoteWebDriver.<init>(RemoteWebDriver.java:179)
at org.openqa.selenium.chromium.ChromiumDriver.<init>(ChromiumDriver.java:101)
at org.openqa.selenium.chrome.ChromeDriver.<init>(ChromeDriver.java:81)
at org.openqa.selenium.chrome.ChromeDriver.<init>(ChromeDriver.java:49)
at Login.SigninTest.start(SigninTest.java:23)
... Removed 30 stack frames]]>
    </failure>
  </testcase> <!-- @BeforeTest start -->
  <testcase classname="SeleniumSignupTest.TestSignupSelenium" name="@BeforeTest start" time="0.0">
    <skipped/>
  </testcase> <!-- @BeforeTest start -->
  <testcase classname="Login.SigninTest" name="@AfterTest closeBrowser" time="0.0">
    <skipped/>
  </testcase> <!-- @AfterTest closeBrowser -->
  <testcase classname="SeleniumSignupTest.TestSignupSelenium" name="@AfterTest closeBrowser" time="0.0">
    <skipped/>
  </testcase> <!-- @AfterTest closeBrowser -->
  <testcase classname="Login.SigninTest" name="PositiveSignup" time="0.0">
    <skipped/>
  </testcase> <!-- PositiveSignup -->
  <testcase classname="Login.SigninTest" name="clickUser1item" time="0.0">
    <skipped/>
  </testcase> <!-- clickUser1item -->
  <testcase classname="Login.SigninTest" name="verifyItems" time="0.001">
    <skipped/>
  </testcase> <!-- verifyItems -->
  <testcase classname="SeleniumSignupTest.TestSignupSelenium" name="PositiveSignup" time="0.0">
    <skipped/>
  </testcase> <!-- PositiveSignup -->
  <testcase classname="SeleniumSignupTest.TestSignupSelenium" name="clickUser1item" time="0.0">
    <skipped/>
  </testcase> <!-- clickUser1item -->
  <testcase classname="SeleniumSignupTest.TestSignupSelenium" name="verifyItems" time="0.0">
    <skipped/>
  </testcase> <!-- verifyItems -->
</testsuite> <!-- Command line test -->
